<?xml version="1.0" encoding="UTF-8"?>
<Site BuildName="Linux-c++"
	BuildStamp="20240309-1751-Experimental"
	Name="princess-ellie"
	Generator="ctest-3.22.1"
	CompilerName="/usr/bin/c++"
	CompilerVersion="11.4.0"
	OSName="Linux"
	Hostname="princess-ellie"
	OSRelease="6.5.0-17-generic"
	OSVersion="#17~22.04.1-Ubuntu SMP PREEMPT_DYNAMIC Tue Jan 16 14:32:32 UTC 2"
	OSPlatform="x86_64"
	Is64Bits="1"
	VendorString="GenuineIntel"
	VendorID="Intel Corporation"
	FamilyID="6"
	ModelID="154"
	ProcessorCacheSize="12288"
	NumberOfLogicalCPU="12"
	NumberOfPhysicalCPU="10"
	TotalVirtualMemory="2047"
	TotalPhysicalMemory="7626"
	LogicalProcessorsPerPhysical="1"
	ProcessorClockFrequency="3924.38"
	>
	<Testing>
		<StartDateTime>Mar 09 21:59 IST</StartDateTime>
		<StartTestTime>1710014376</StartTestTime>
		<TestList/>
		<EndDateTime>Mar 09 21:59 IST</EndDateTime>
		<EndTestTime>1710014376</EndTestTime>
		<ElapsedMinutes>0</ElapsedMinutes>
	</Testing>
</Site>
